4.412158727645874023e-01
5.462102890014648438e-01
5.625069141387939453e-01
4.904638528823852539e-01
5.156854391098022461e-01
4.787768125534057617e-01
4.974436759948730469e-01
4.947149157524108887e-01
4.808559417724609375e-01
5.237576365470886230e-01
5.162073373794555664e-01
5.098959207534790039e-01
4.899498224258422852e-01
4.904891252517700195e-01
4.945759177207946777e-01
4.219189286231994629e-01
4.624890387058258057e-01
4.732729196548461914e-01
5.121462941169738770e-01
5.072886943817138672e-01
4.545394778251647949e-01
4.910766780376434326e-01
4.989249706268310547e-01
4.475921988487243652e-01
4.840172529220581055e-01
4.806168079376220703e-01
4.361252784729003906e-01
4.795599579811096191e-01
5.538346767425537109e-01
4.922110140323638916e-01
4.996556937694549561e-01
4.889540970325469971e-01
5.226336717605590820e-01
5.275336503982543945e-01
4.967876672744750977e-01
5.141866207122802734e-01
4.865575432777404785e-01
4.318498671054840088e-01
4.645131826400756836e-01
5.038173198699951172e-01
4.853017926216125488e-01
4.770910143852233887e-01
4.861966669559478760e-01
4.971841275691986084e-01
5.130587816238403320e-01
5.449813604354858398e-01
4.787819385528564453e-01
4.283639788627624512e-01
4.825782775878906250e-01
4.485102891921997070e-01
4.588510990142822266e-01
4.293662309646606445e-01
5.153997540473937988e-01
5.133741497993469238e-01
4.616547226905822754e-01
5.529364943504333496e-01
4.986075162887573242e-01
5.037654638290405273e-01
5.146897435188293457e-01
4.510787427425384521e-01
4.773777127265930176e-01
4.763622879981994629e-01
4.978499114513397217e-01
4.791091680526733398e-01
5.048240423202514648e-01
5.654420256614685059e-01
