4.349864423274993896e-01
5.510368347167968750e-01
5.674995183944702148e-01
5.047805309295654297e-01
5.103921890258789062e-01
4.840970635414123535e-01
4.959183037281036377e-01
4.995019733905792236e-01
4.773140251636505127e-01
5.105340480804443359e-01
5.182144641876220703e-01
5.140668153762817383e-01
4.993943572044372559e-01
4.927414059638977051e-01
4.884063601493835449e-01
4.300230443477630615e-01
4.572777152061462402e-01
4.710310697555541992e-01
5.149810314178466797e-01
5.039350390434265137e-01
4.611549377441406250e-01
4.966015815734863281e-01
4.894183278083801270e-01
4.465013146400451660e-01
4.985207319259643555e-01
4.863202273845672607e-01
4.383898973464965820e-01
4.787826538085937500e-01
5.451191663742065430e-01
4.807484149932861328e-01
5.020343661308288574e-01
4.883193969726562500e-01
5.287156105041503906e-01
5.174917578697204590e-01
5.134507417678833008e-01
5.248622298240661621e-01
4.947091937065124512e-01
4.270245730876922607e-01
4.742286801338195801e-01
5.009671449661254883e-01
4.759516716003417969e-01
4.823513031005859375e-01
4.912270307540893555e-01
4.908439815044403076e-01
5.096297264099121094e-01
5.528875589370727539e-01
4.805990457534790039e-01
4.330849647521972656e-01
4.764922857284545898e-01
4.433540999889373779e-01
4.705238938331604004e-01
4.394399523735046387e-01
5.107612013816833496e-01
5.270096063613891602e-01
4.781184196472167969e-01
5.486760139465332031e-01
5.092244148254394531e-01
4.957540929317474365e-01
5.117490887641906738e-01
4.561716914176940918e-01
4.866848587989807129e-01
4.753758013248443604e-01
5.008521080017089844e-01
4.758571386337280273e-01
5.030704736709594727e-01
5.694632530212402344e-01
