4.443068504333496094e-01
5.516132116317749023e-01
5.681583881378173828e-01
5.030950307846069336e-01
5.104452371597290039e-01
4.786571264266967773e-01
4.918476939201354980e-01
4.909640252590179443e-01
4.718053936958312988e-01
5.208455920219421387e-01
5.128092765808105469e-01
5.103562474250793457e-01
4.921682476997375488e-01
4.944221973419189453e-01
4.921098947525024414e-01
4.209764599800109863e-01
4.570360779762268066e-01
4.741202592849731445e-01
4.977815151214599609e-01
5.060677528381347656e-01
4.506118893623352051e-01
4.903180003166198730e-01
4.972498118877410889e-01
4.527265131473541260e-01
4.953269362449645996e-01
4.886023998260498047e-01
4.367961287498474121e-01
4.744547009468078613e-01
5.390152931213378906e-01
4.787023067474365234e-01
5.043863654136657715e-01
4.929902851581573486e-01
5.182318687438964844e-01
5.286492705345153809e-01
5.019437670707702637e-01
5.192230343818664551e-01
4.892076551914215088e-01
4.286848902702331543e-01
4.699042439460754395e-01
5.084797143936157227e-01
4.807353019714355469e-01
4.749528765678405762e-01
4.845555722713470459e-01
4.955950677394866943e-01
5.128384232521057129e-01
5.482239723205566406e-01
4.771251380443572998e-01
4.269447028636932373e-01
4.859598278999328613e-01
4.389633536338806152e-01
4.616295099258422852e-01
4.362810850143432617e-01
5.269256234169006348e-01
5.231638550758361816e-01
4.647735059261322021e-01
5.482861995697021484e-01
5.016424655914306641e-01
5.031189918518066406e-01
5.047568082809448242e-01
4.451391994953155518e-01
4.713578522205352783e-01
4.685946702957153320e-01
4.920075535774230957e-01
4.813759922981262207e-01
5.089136958122253418e-01
5.752605795860290527e-01
