4.393825531005859375e-01
5.516689419746398926e-01
5.690726041793823242e-01
4.981254935264587402e-01
5.177019834518432617e-01
4.760773777961730957e-01
5.009547472000122070e-01
4.960297942161560059e-01
4.760724306106567383e-01
5.174041986465454102e-01
5.177768468856811523e-01
5.044023990631103516e-01
4.886926412582397461e-01
4.973273277282714844e-01
4.882953464984893799e-01
4.235968887805938721e-01
4.619525372982025146e-01
4.775261878967285156e-01
5.236886143684387207e-01
5.190144777297973633e-01
4.563966691493988037e-01
4.945574402809143066e-01
4.975925981998443604e-01
4.576336741447448730e-01
4.935792684555053711e-01
4.850730895996093750e-01
4.316375851631164551e-01
4.815336465835571289e-01
5.512166023254394531e-01
4.844563305377960205e-01
4.884388148784637451e-01
4.819924831390380859e-01
5.206825733184814453e-01
5.259806513786315918e-01
4.919476807117462158e-01
5.135827660560607910e-01
4.888716936111450195e-01
4.353688955307006836e-01
4.712373316287994385e-01
5.094132423400878906e-01
4.859915375709533691e-01
4.686535000801086426e-01
4.953694045543670654e-01
4.947826862335205078e-01
5.088521838188171387e-01
5.390704870223999023e-01
4.901733398437500000e-01
4.280792176723480225e-01
4.675078690052032471e-01
4.447581171989440918e-01
4.483061134815216064e-01
4.322731792926788330e-01
5.087300539016723633e-01
5.178347826004028320e-01
4.697616994380950928e-01
5.507040023803710938e-01
4.969792068004608154e-01
4.991480708122253418e-01
5.013515949249267578e-01
4.530801177024841309e-01
4.716255664825439453e-01
4.667755663394927979e-01
4.832641482353210449e-01
4.847540259361267090e-01
4.894750714302062988e-01
5.675708055496215820e-01
