4.372195899486541748e-01
5.572792291641235352e-01
5.682241916656494141e-01
4.948194026947021484e-01
5.205959081649780273e-01
4.801071286201477051e-01
4.955375790596008301e-01
4.861875474452972412e-01
4.701064527034759521e-01
5.215060710906982422e-01
5.122178792953491211e-01
5.149419307708740234e-01
4.835581481456756592e-01
4.918552339076995850e-01
4.887446165084838867e-01
4.166421294212341309e-01
4.557441473007202148e-01
4.660112857818603516e-01
5.175656080245971680e-01
5.127615332603454590e-01
4.617593586444854736e-01
4.988469481468200684e-01
4.973536729812622070e-01
4.480580091476440430e-01
4.865026473999023438e-01
4.883735179901123047e-01
4.364783763885498047e-01
4.767839312553405762e-01
5.468856096267700195e-01
4.787902235984802246e-01
4.953874945640563965e-01
4.861907958984375000e-01
5.129335522651672363e-01
5.249403119087219238e-01
5.056438446044921875e-01
5.077442526817321777e-01
4.891855418682098389e-01
4.330629110336303711e-01
4.655580222606658936e-01
5.040759444236755371e-01
4.886404871940612793e-01
4.752721786499023438e-01
4.929084181785583496e-01
4.931662082672119141e-01
5.117322206497192383e-01
5.441516637802124023e-01
4.892933964729309082e-01
4.334130287170410156e-01
4.690663814544677734e-01
4.443094432353973389e-01
4.592249393463134766e-01
4.410136938095092773e-01
5.198474526405334473e-01
5.154455304145812988e-01
4.711845219135284424e-01
5.503109097480773926e-01
5.036025047302246094e-01
5.039638876914978027e-01
4.990881681442260742e-01
4.546071290969848633e-01
4.719487726688385010e-01
4.757592082023620605e-01
4.857851564884185791e-01
4.842964410781860352e-01
4.819468557834625244e-01
5.810008049011230469e-01
